<?xml version="1.0" encoding="UTF-8"?>
<!-- Generated by org.testng.reporters.JUnitReportReporter -->
<testsuite skipped="0" hostname="DESKTOP-SHDO9H1" name="Test.Test" tests="2" failures="0" timestamp="24 Oct 2018 02:48:42 GMT" time="15.043" errors="0">
  <testcase name="test_Home_Page_Appear_Correct" time="3.195" classname="Test.Test"/>
  <testcase name="NewCustomerGeneration" time="11.848" classname="Test.Test"/>
</testsuite> <!-- Test.Test -->
